C:\desktop\GeoStructureAlgLib 1008\GeoStructureAlgLib\GeoStructureAlgLib\Debug\cl.command.1.tlog
C:\desktop\GeoStructureAlgLib 1008\GeoStructureAlgLib\GeoStructureAlgLib\Debug\CL.read.1.tlog
C:\desktop\GeoStructureAlgLib 1008\GeoStructureAlgLib\GeoStructureAlgLib\Debug\CL.write.1.tlog
C:\DESKTOP\GEOSTRUCTUREALGLIB 1008\GEOSTRUCTUREALGLIB\GEOSTRUCTUREALGLIB\DEBUG\FEATURELINEBODY.OBJ
C:\DESKTOP\GEOSTRUCTUREALGLIB 1008\GEOSTRUCTUREALGLIB\GEOSTRUCTUREALGLIB\DEBUG\GEOBLOCKBODY.OBJ
C:\DESKTOP\GEOSTRUCTUREALGLIB 1008\GEOSTRUCTUREALGLIB\GEOSTRUCTUREALGLIB\DEBUG\GEOCROSSLINEBODY.OBJ
C:\DESKTOP\GEOSTRUCTUREALGLIB 1008\GEOSTRUCTUREALGLIB\GEOSTRUCTUREALGLIB\DEBUG\GEOGRAPHBASEOBJECT.OBJ
C:\DESKTOP\GEOSTRUCTUREALGLIB 1008\GEOSTRUCTUREALGLIB\GEOSTRUCTUREALGLIB\DEBUG\GEOGRAPHLINK.OBJ
C:\DESKTOP\GEOSTRUCTUREALGLIB 1008\GEOSTRUCTUREALGLIB\GEOSTRUCTUREALGLIB\DEBUG\GEOMATH.OBJ
C:\DESKTOP\GEOSTRUCTUREALGLIB 1008\GEOSTRUCTUREALGLIB\GEOSTRUCTUREALGLIB\DEBUG\GEOPOINTBODY.OBJ
C:\desktop\GeoStructureAlgLib 1008\GeoStructureAlgLib\GeoStructureAlgLib\Debug\GeoStructureAlgLib.dll.intermediate.manifest
C:\DESKTOP\GEOSTRUCTUREALGLIB 1008\GEOSTRUCTUREALGLIB\GEOSTRUCTUREALGLIB\DEBUG\GEOSTRUCTUREALGLIB.OBJ
C:\desktop\GeoStructureAlgLib 1008\GeoStructureAlgLib\GeoStructureAlgLib\Debug\GeoStructureAlgLib.vcxprojResolveAssemblyReference.cache
C:\desktop\GeoStructureAlgLib 1008\GeoStructureAlgLib\GeoStructureAlgLib\Debug\GeoStructureAlgLib.write.1.tlog
C:\DESKTOP\GEOSTRUCTUREALGLIB 1008\GEOSTRUCTUREALGLIB\GEOSTRUCTUREALGLIB\DEBUG\GEOSURFACEBODY.OBJ
C:\desktop\GeoStructureAlgLib 1008\GeoStructureAlgLib\GeoStructureAlgLib\Debug\link.command.1.tlog
C:\desktop\GeoStructureAlgLib 1008\GeoStructureAlgLib\GeoStructureAlgLib\Debug\link.read.1.tlog
C:\desktop\GeoStructureAlgLib 1008\GeoStructureAlgLib\GeoStructureAlgLib\Debug\link.write.1.tlog
C:\DESKTOP\GEOSTRUCTUREALGLIB 1008\GEOSTRUCTUREALGLIB\GEOSTRUCTUREALGLIB\DEBUG\POINT3.OBJ
C:\DESKTOP\GEOSTRUCTUREALGLIB 1008\GEOSTRUCTUREALGLIB\GEOSTRUCTUREALGLIB\DEBUG\VC100.PDB
C:\desktop\GeoStructureAlgLib 1008\GeoStructureAlgLib\Win32\Debug\GeoStructureAlgLib.pdb
D:\项目管理\勘探院\SOFTDEV\GEOSTRUCTUREALGLIB\GEOSTRUCTUREALGLIB\DEBUG\FEATURELINEBODY.OBJ
D:\项目管理\勘探院\SOFTDEV\GEOSTRUCTUREALGLIB\GEOSTRUCTUREALGLIB\DEBUG\GEOBLOCKBODY.OBJ
D:\项目管理\勘探院\SOFTDEV\GEOSTRUCTUREALGLIB\GEOSTRUCTUREALGLIB\DEBUG\GEOCROSSLINEBODY.OBJ
D:\项目管理\勘探院\SOFTDEV\GEOSTRUCTUREALGLIB\GEOSTRUCTUREALGLIB\DEBUG\GEOGRAPHBASEOBJECT.OBJ
D:\项目管理\勘探院\SOFTDEV\GEOSTRUCTUREALGLIB\GEOSTRUCTUREALGLIB\DEBUG\GEOGRAPHLINK.OBJ
D:\项目管理\勘探院\SOFTDEV\GEOSTRUCTUREALGLIB\GEOSTRUCTUREALGLIB\DEBUG\GEOPOINTBODY.OBJ
D:\项目管理\勘探院\SOFTDEV\GEOSTRUCTUREALGLIB\GEOSTRUCTUREALGLIB\DEBUG\GEOSTRUCTUREALGLIB.OBJ
D:\项目管理\勘探院\SOFTDEV\GEOSTRUCTUREALGLIB\GEOSTRUCTUREALGLIB\DEBUG\GEOSURFACEBODY.OBJ
D:\项目管理\勘探院\SOFTDEV\GEOSTRUCTUREALGLIB\GEOSTRUCTUREALGLIB\DEBUG\POINT3.OBJ
D:\项目管理\勘探院\SOFTDEV\GEOSTRUCTUREALGLIB\GEOSTRUCTUREALGLIB\DEBUG\VC100.PDB
