C:\desktop\GeoStructureAlgLib 1008\GeoStructureAlgLib\GeoStructureAlgLib\x64\Debug\cl.command.1.tlog
C:\desktop\GeoStructureAlgLib 1008\GeoStructureAlgLib\GeoStructureAlgLib\x64\Debug\CL.read.1.tlog
C:\desktop\GeoStructureAlgLib 1008\GeoStructureAlgLib\GeoStructureAlgLib\x64\Debug\CL.write.1.tlog
C:\DESKTOP\GEOSTRUCTUREALGLIB 1008\GEOSTRUCTUREALGLIB\GEOSTRUCTUREALGLIB\X64\DEBUG\FEATURELINEBODY.OBJ
C:\DESKTOP\GEOSTRUCTUREALGLIB 1008\GEOSTRUCTUREALGLIB\GEOSTRUCTUREALGLIB\X64\DEBUG\GEOBLOCKBODY.OBJ
C:\DESKTOP\GEOSTRUCTUREALGLIB 1008\GEOSTRUCTUREALGLIB\GEOSTRUCTUREALGLIB\X64\DEBUG\GEOCROSSLINEBODY.OBJ
C:\DESKTOP\GEOSTRUCTUREALGLIB 1008\GEOSTRUCTUREALGLIB\GEOSTRUCTUREALGLIB\X64\DEBUG\GEOGRAPHBASEOBJECT.OBJ
C:\DESKTOP\GEOSTRUCTUREALGLIB 1008\GEOSTRUCTUREALGLIB\GEOSTRUCTUREALGLIB\X64\DEBUG\GEOGRAPHLINK.OBJ
C:\DESKTOP\GEOSTRUCTUREALGLIB 1008\GEOSTRUCTUREALGLIB\GEOSTRUCTUREALGLIB\X64\DEBUG\GEOMATH.OBJ
C:\DESKTOP\GEOSTRUCTUREALGLIB 1008\GEOSTRUCTUREALGLIB\GEOSTRUCTUREALGLIB\X64\DEBUG\GEOPOINTBODY.OBJ
C:\DESKTOP\GEOSTRUCTUREALGLIB 1008\GEOSTRUCTUREALGLIB\GEOSTRUCTUREALGLIB\X64\DEBUG\GEOSTRUCTUREALGLIB.DLL.INTERMEDIATE.MANIFEST
C:\DESKTOP\GEOSTRUCTUREALGLIB 1008\GEOSTRUCTUREALGLIB\GEOSTRUCTUREALGLIB\X64\DEBUG\GEOSTRUCTUREALGLIB.OBJ
C:\desktop\GeoStructureAlgLib 1008\GeoStructureAlgLib\GeoStructureAlgLib\x64\Debug\GeoStructureAlgLib.vcxprojResolveAssemblyReference.cache
C:\desktop\GeoStructureAlgLib 1008\GeoStructureAlgLib\GeoStructureAlgLib\x64\Debug\GeoStructureAlgLib.write.1.tlog
C:\DESKTOP\GEOSTRUCTUREALGLIB 1008\GEOSTRUCTUREALGLIB\GEOSTRUCTUREALGLIB\X64\DEBUG\GEOSURFACEBODY.OBJ
C:\desktop\GeoStructureAlgLib 1008\GeoStructureAlgLib\GeoStructureAlgLib\x64\Debug\link.command.1.tlog
C:\desktop\GeoStructureAlgLib 1008\GeoStructureAlgLib\GeoStructureAlgLib\x64\Debug\link.read.1.tlog
C:\desktop\GeoStructureAlgLib 1008\GeoStructureAlgLib\GeoStructureAlgLib\x64\Debug\link.write.1.tlog
C:\desktop\GeoStructureAlgLib 1008\GeoStructureAlgLib\GeoStructureAlgLib\x64\Debug\mt.command.1.tlog
C:\desktop\GeoStructureAlgLib 1008\GeoStructureAlgLib\GeoStructureAlgLib\x64\Debug\mt.read.1.tlog
C:\desktop\GeoStructureAlgLib 1008\GeoStructureAlgLib\GeoStructureAlgLib\x64\Debug\mt.write.1.tlog
C:\DESKTOP\GEOSTRUCTUREALGLIB 1008\GEOSTRUCTUREALGLIB\GEOSTRUCTUREALGLIB\X64\DEBUG\POINT3.OBJ
C:\DESKTOP\GEOSTRUCTUREALGLIB 1008\GEOSTRUCTUREALGLIB\GEOSTRUCTUREALGLIB\X64\DEBUG\VC100.PDB
C:\DESKTOP\GEOSTRUCTUREALGLIB 1008\GEOSTRUCTUREALGLIB\X64\DEBUG\GEOSTRUCTUREALGLIB.DLL
C:\desktop\GeoStructureAlgLib 1008\GeoStructureAlgLib\x64\Debug\GeoStructureAlgLib.exp
C:\DESKTOP\GEOSTRUCTUREALGLIB 1008\GEOSTRUCTUREALGLIB\X64\DEBUG\GEOSTRUCTUREALGLIB.ILK
C:\desktop\GeoStructureAlgLib 1008\GeoStructureAlgLib\x64\Debug\GeoStructureAlgLib.lib
C:\DESKTOP\GEOSTRUCTUREALGLIB 1008\GEOSTRUCTUREALGLIB\X64\DEBUG\GEOSTRUCTUREALGLIB.PDB
